\BOOKMARK [1][-]{section.1}{\376\377\000I\000n\000t\000r\000o\000d\000u\000c\000t\000i\000o\000n}{}% 1
\BOOKMARK [1][-]{section.2}{\376\377\000D\000e\000f\000i\000n\000i\000t\000i\000o\000n\000\040\000o\000f\000\040\000t\000h\000e\000\040\000L\000i\000n\000g\000u\000i\000s\000t\000i\000c\000\040\000V\000a\000r\000i\000a\000b\000l\000e\000s}{}% 2
\BOOKMARK [2][-]{subsection.2.1}{\376\377\000C\000h\000o\000s\000e\000n\000\040\000F\000e\000a\000t\000u\000r\000e\000s}{section.2}% 3
\BOOKMARK [3][-]{subsubsection.2.1.1}{\376\377\000U\000R\000L\000-\000B\000a\000s\000e\000d\000\040\000F\000e\000a\000t\000u\000r\000e\000s}{subsection.2.1}% 4
\BOOKMARK [3][-]{subsubsection.2.1.2}{\376\377\000C\000o\000n\000t\000e\000n\000t\000\040\000F\000e\000a\000t\000u\000r\000e\000s}{subsection.2.1}% 5
\BOOKMARK [3][-]{subsubsection.2.1.3}{\376\377\000E\000x\000t\000e\000r\000n\000a\000l\000\040\000F\000e\000a\000t\000u\000r\000e\000s}{subsection.2.1}% 6
\BOOKMARK [1][-]{section.3}{\376\377\000O\000u\000t\000p\000u\000t\000\040\000V\000a\000r\000i\000a\000b\000l\000e}{}% 7
\BOOKMARK [1][-]{section.4}{\376\377\000R\000u\000l\000e\000s}{}% 8
\BOOKMARK [1][-]{section.5}{\376\377\000I\000m\000p\000l\000e\000m\000e\000n\000t\000a\000t\000i\000o\000n}{}% 9
\BOOKMARK [1][-]{section.6}{\376\377\000T\000e\000s\000t\000i\000n\000g}{}% 10
\BOOKMARK [2][-]{subsection.6.1}{\376\377\000T\000e\000s\000t\000\040\000C\000a\000s\000e\000s}{section.6}% 11
\BOOKMARK [3][-]{subsubsection.6.1.1}{\376\377\000C\000a\000s\000e\000\040\0001\000:\000\040\000P\000h\000i\000s\000h\000i\000n\000g\000\040\000W\000e\000b\000s\000i\000t\000e}{subsection.6.1}% 12
\BOOKMARK [3][-]{subsubsection.6.1.2}{\376\377\000C\000a\000s\000e\000\040\0002\000:\000\040\000P\000h\000i\000s\000h\000i\000n\000g\000\040\000W\000e\000b\000s\000i\000t\000e}{subsection.6.1}% 13
\BOOKMARK [3][-]{subsubsection.6.1.3}{\376\377\000C\000a\000s\000e\000\040\0003\000:\000\040\000L\000e\000g\000i\000t\000i\000m\000a\000t\000e\000\040\000W\000e\000b\000s\000i\000t\000e}{subsection.6.1}% 14
\BOOKMARK [3][-]{subsubsection.6.1.4}{\376\377\000C\000a\000s\000e\000\040\0004\000:\000\040\000L\000e\000g\000i\000t\000i\000m\000a\000t\000e\000\040\000W\000e\000b\000s\000i\000t\000e}{subsection.6.1}% 15
\BOOKMARK [1][-]{section.7}{\376\377\000C\000o\000m\000p\000l\000e\000x\000\040\000F\000u\000z\000z\000y\000\040\000E\000x\000p\000e\000r\000t\000\040\000S\000y\000s\000t\000e\000m}{}% 16
\BOOKMARK [2][-]{subsection.7.1}{\376\377\000L\000a\000y\000e\000r\000\040\0001\000:\000\040\000F\000e\000a\000t\000u\000r\000e\000-\000B\000a\000s\000e\000d\000\040\000R\000i\000s\000k\000\040\000A\000s\000s\000e\000s\000s\000m\000e\000n\000t\000s}{section.7}% 17
\BOOKMARK [2][-]{subsection.7.2}{\376\377\000L\000a\000y\000e\000r\000\040\0002\000:\000\040\000O\000v\000e\000r\000a\000l\000l\000\040\000P\000h\000i\000s\000h\000i\000n\000g\000\040\000R\000i\000s\000k\000\040\000A\000s\000s\000e\000s\000s\000m\000e\000n\000t}{section.7}% 18
\BOOKMARK [2][-]{subsection.7.3}{\376\377\000W\000e\000i\000g\000h\000t\000\040\000D\000i\000s\000t\000r\000i\000b\000u\000t\000i\000o\000n}{section.7}% 19
\BOOKMARK [1][-]{section*.17}{\376\377\000A\000p\000p\000e\000n\000d\000i\000c\000e\000s}{}% 20
\BOOKMARK [1][-]{appendix.1.A}{\376\377\000S\000u\000r\000f\000a\000c\000e\000\040\000P\000l\000o\000t\000s\000\040\000f\000o\000r\000\040\000T\000e\000s\000t\000\040\000C\000a\000s\000e\000s}{}% 21
